<?xml version="1.0" encoding="UTF-8"?>
<!-- Generated by org.testng.reporters.JUnitReportReporter -->
<testsuite skipped="0" hostname="LAPTOP-CJPTP9BC" name="script.TC1" tests="1" failures="0" timestamp="2022-06-01T17:03:00 IST" time="12.950" errors="0">
  <testcase name="login_logout" time="12.950" classname="script.TC1"/>
  <system-out/>
</testsuite> <!-- script.TC1 -->
