<?xml version="1.0" encoding="UTF-8"?>
<!-- Generated by org.testng.reporters.JUnitReportReporter -->
<testsuite skipped="0" hostname="LAPTOP-CJPTP9BC" name="com.TestCases.StartBrowser" tests="1" failures="0" timestamp="2022-05-24T16:50:18 IST" time="8.530" errors="0">
  <testcase name="launch" time="8.530" classname="com.TestCases.StartBrowser"/>
  <system-out/>
</testsuite> <!-- com.TestCases.StartBrowser -->
